<?xml version="1.0" encoding="UTF-8"?>
<testsuite name="StringTransformerGroupTest" tests="2" skipped="0" failures="0" errors="0" timestamp="2021-12-03T17:45:37" hostname="DESKTOP-F2KKRUC" time="0.004">
  <properties/>
  <testcase name="transformerGroup()" classname="StringTransformerGroupTest" time="0.002"/>
  <testcase name="transformerComposite()" classname="StringTransformerGroupTest" time="0.001"/>
  <system-out><![CDATA[]]></system-out>
  <system-err><![CDATA[]]></system-err>
</testsuite>
