<?xml version="1.0" encoding="UTF-8"?>
<testsuite name="StringCaseChangerTeste" tests="1" skipped="0" failures="0" errors="0" timestamp="2021-12-08T20:01:53" hostname="DESKTOP-23EKJST" time="0.0">
  <properties/>
  <testcase name="stringCaseChanger()" classname="StringCaseChangerTeste" time="0.0"/>
  <system-out><![CDATA[]]></system-out>
  <system-err><![CDATA[]]></system-err>
</testsuite>
